<?xml version="1.0" encoding="UTF-8"?>
<testsuite xmlns:xsi="http://www.w3.org/2001/XMLSchema-instance" xsi:noNamespaceSchemaLocation="https://maven.apache.org/surefire/maven-surefire-plugin/xsd/surefire-test-report.xsd" name="com.myProject11_1.mapper.MyRecordMapperTest" time="0.093" tests="3" errors="0" skipped="0" failures="0">
  <properties>
    <property name="sun.desktop" value="windows"/>
    <property name="awt.toolkit" value="sun.awt.windows.WToolkit"/>
    <property name="file.encoding.pkg" value="sun.io"/>
    <property name="java.specification.version" value="1.8"/>
    <property name="sun.cpu.isalist" value="amd64"/>
    <property name="sun.jnu.encoding" value="GBK"/>
    <property name="java.class.path" value="D:\myproject\myProject11_1\target\test-classes;D:\myproject\myProject11_1\target\classes;D:\maven3.5\repositor\org\springframework\boot\spring-boot-starter\2.2.5.RELEASE\spring-boot-starter-2.2.5.RELEASE.jar;D:\maven3.5\repositor\org\springframework\boot\spring-boot\2.2.5.RELEASE\spring-boot-2.2.5.RELEASE.jar;D:\maven3.5\repositor\org\springframework\spring-context\5.2.4.RELEASE\spring-context-5.2.4.RELEASE.jar;D:\maven3.5\repositor\org\springframework\boot\spring-boot-autoconfigure\2.2.5.RELEASE\spring-boot-autoconfigure-2.2.5.RELEASE.jar;D:\maven3.5\repositor\org\springframework\boot\spring-boot-starter-logging\2.2.5.RELEASE\spring-boot-starter-logging-2.2.5.RELEASE.jar;D:\maven3.5\repositor\ch\qos\logback\logback-classic\1.2.3\logback-classic-1.2.3.jar;D:\maven3.5\repositor\ch\qos\logback\logback-core\1.2.3\logback-core-1.2.3.jar;D:\maven3.5\repositor\org\apache\logging\log4j\log4j-to-slf4j\2.12.1\log4j-to-slf4j-2.12.1.jar;D:\maven3.5\repositor\org\apache\logging\log4j\log4j-api\2.12.1\log4j-api-2.12.1.jar;D:\maven3.5\repositor\org\slf4j\jul-to-slf4j\1.7.30\jul-to-slf4j-1.7.30.jar;D:\maven3.5\repositor\jakarta\annotation\jakarta.annotation-api\1.3.5\jakarta.annotation-api-1.3.5.jar;D:\maven3.5\repositor\org\springframework\spring-core\5.2.4.RELEASE\spring-core-5.2.4.RELEASE.jar;D:\maven3.5\repositor\org\springframework\spring-jcl\5.2.4.RELEASE\spring-jcl-5.2.4.RELEASE.jar;D:\maven3.5\repositor\org\yaml\snakeyaml\1.25\snakeyaml-1.25.jar;D:\maven3.5\repositor\org\springframework\boot\spring-boot-starter-web\2.2.5.RELEASE\spring-boot-starter-web-2.2.5.RELEASE.jar;D:\maven3.5\repositor\org\springframework\boot\spring-boot-starter-json\2.2.5.RELEASE\spring-boot-starter-json-2.2.5.RELEASE.jar;D:\maven3.5\repositor\com\fasterxml\jackson\core\jackson-databind\2.10.2\jackson-databind-2.10.2.jar;D:\maven3.5\repositor\com\fasterxml\jackson\core\jackson-annotations\2.10.2\jackson-annotations-2.10.2.jar;D:\maven3.5\repositor\com\fasterxml\jackson\core\jackson-core\2.10.2\jackson-core-2.10.2.jar;D:\maven3.5\repositor\com\fasterxml\jackson\datatype\jackson-datatype-jdk8\2.10.2\jackson-datatype-jdk8-2.10.2.jar;D:\maven3.5\repositor\com\fasterxml\jackson\datatype\jackson-datatype-jsr310\2.10.2\jackson-datatype-jsr310-2.10.2.jar;D:\maven3.5\repositor\com\fasterxml\jackson\module\jackson-module-parameter-names\2.10.2\jackson-module-parameter-names-2.10.2.jar;D:\maven3.5\repositor\org\springframework\boot\spring-boot-starter-tomcat\2.2.5.RELEASE\spring-boot-starter-tomcat-2.2.5.RELEASE.jar;D:\maven3.5\repositor\org\apache\tomcat\embed\tomcat-embed-core\9.0.31\tomcat-embed-core-9.0.31.jar;D:\maven3.5\repositor\org\apache\tomcat\embed\tomcat-embed-el\9.0.31\tomcat-embed-el-9.0.31.jar;D:\maven3.5\repositor\org\apache\tomcat\embed\tomcat-embed-websocket\9.0.31\tomcat-embed-websocket-9.0.31.jar;D:\maven3.5\repositor\org\springframework\boot\spring-boot-starter-validation\2.2.5.RELEASE\spring-boot-starter-validation-2.2.5.RELEASE.jar;D:\maven3.5\repositor\jakarta\validation\jakarta.validation-api\2.0.2\jakarta.validation-api-2.0.2.jar;D:\maven3.5\repositor\org\hibernate\validator\hibernate-validator\6.0.18.Final\hibernate-validator-6.0.18.Final.jar;D:\maven3.5\repositor\org\springframework\spring-web\5.2.4.RELEASE\spring-web-5.2.4.RELEASE.jar;D:\maven3.5\repositor\org\springframework\spring-beans\5.2.4.RELEASE\spring-beans-5.2.4.RELEASE.jar;D:\maven3.5\repositor\org\springframework\spring-webmvc\5.2.4.RELEASE\spring-webmvc-5.2.4.RELEASE.jar;D:\maven3.5\repositor\org\springframework\spring-expression\5.2.4.RELEASE\spring-expression-5.2.4.RELEASE.jar;D:\maven3.5\repositor\org\springframework\boot\spring-boot-starter-test\2.2.5.RELEASE\spring-boot-starter-test-2.2.5.RELEASE.jar;D:\maven3.5\repositor\org\springframework\boot\spring-boot-test\2.2.5.RELEASE\spring-boot-test-2.2.5.RELEASE.jar;D:\maven3.5\repositor\org\springframework\boot\spring-boot-test-autoconfigure\2.2.5.RELEASE\spring-boot-test-autoconfigure-2.2.5.RELEASE.jar;D:\maven3.5\repositor\com\jayway\jsonpath\json-path\2.4.0\json-path-2.4.0.jar;D:\maven3.5\repositor\net\minidev\json-smart\2.3\json-smart-2.3.jar;D:\maven3.5\repositor\net\minidev\accessors-smart\1.2\accessors-smart-1.2.jar;D:\maven3.5\repositor\org\ow2\asm\asm\5.0.4\asm-5.0.4.jar;D:\maven3.5\repositor\jakarta\xml\bind\jakarta.xml.bind-api\2.3.2\jakarta.xml.bind-api-2.3.2.jar;D:\maven3.5\repositor\org\junit\jupiter\junit-jupiter\5.5.2\junit-jupiter-5.5.2.jar;D:\maven3.5\repositor\org\junit\jupiter\junit-jupiter-api\5.5.2\junit-jupiter-api-5.5.2.jar;D:\maven3.5\repositor\org\opentest4j\opentest4j\1.2.0\opentest4j-1.2.0.jar;D:\maven3.5\repositor\org\junit\platform\junit-platform-commons\1.5.2\junit-platform-commons-1.5.2.jar;D:\maven3.5\repositor\org\junit\jupiter\junit-jupiter-params\5.5.2\junit-jupiter-params-5.5.2.jar;D:\maven3.5\repositor\org\junit\jupiter\junit-jupiter-engine\5.5.2\junit-jupiter-engine-5.5.2.jar;D:\maven3.5\repositor\org\junit\vintage\junit-vintage-engine\5.5.2\junit-vintage-engine-5.5.2.jar;D:\maven3.5\repositor\org\apiguardian\apiguardian-api\1.1.0\apiguardian-api-1.1.0.jar;D:\maven3.5\repositor\org\junit\platform\junit-platform-engine\1.5.2\junit-platform-engine-1.5.2.jar;D:\maven3.5\repositor\junit\junit\4.12\junit-4.12.jar;D:\maven3.5\repositor\org\mockito\mockito-junit-jupiter\3.1.0\mockito-junit-jupiter-3.1.0.jar;D:\maven3.5\repositor\org\assertj\assertj-core\3.13.2\assertj-core-3.13.2.jar;D:\maven3.5\repositor\org\hamcrest\hamcrest\2.1\hamcrest-2.1.jar;D:\maven3.5\repositor\org\mockito\mockito-core\3.1.0\mockito-core-3.1.0.jar;D:\maven3.5\repositor\net\bytebuddy\byte-buddy\1.10.8\byte-buddy-1.10.8.jar;D:\maven3.5\repositor\net\bytebuddy\byte-buddy-agent\1.10.8\byte-buddy-agent-1.10.8.jar;D:\maven3.5\repositor\org\objenesis\objenesis\2.6\objenesis-2.6.jar;D:\maven3.5\repositor\org\skyscreamer\jsonassert\1.5.0\jsonassert-1.5.0.jar;D:\maven3.5\repositor\com\vaadin\external\google\android-json\0.0.20131108.vaadin1\android-json-0.0.20131108.vaadin1.jar;D:\maven3.5\repositor\org\springframework\spring-test\5.2.4.RELEASE\spring-test-5.2.4.RELEASE.jar;D:\maven3.5\repositor\org\xmlunit\xmlunit-core\2.6.3\xmlunit-core-2.6.3.jar;D:\maven3.5\repositor\org\springframework\boot\spring-boot-starter-aop\2.2.5.RELEASE\spring-boot-starter-aop-2.2.5.RELEASE.jar;D:\maven3.5\repositor\org\springframework\spring-aop\5.2.4.RELEASE\spring-aop-5.2.4.RELEASE.jar;D:\maven3.5\repositor\org\aspectj\aspectjweaver\1.9.5\aspectjweaver-1.9.5.jar;D:\maven3.5\repositor\org\projectlombok\lombok\1.18.12\lombok-1.18.12.jar;D:\maven3.5\repositor\com\alibaba\fastjson\1.2.46\fastjson-1.2.46.jar;D:\maven3.5\repositor\mysql\mysql-connector-java\8.0.19\mysql-connector-java-8.0.19.jar;D:\maven3.5\repositor\com\baomidou\mybatis-plus-boot-starter\3.5.2\mybatis-plus-boot-starter-3.5.2.jar;D:\maven3.5\repositor\com\baomidou\mybatis-plus\3.5.2\mybatis-plus-3.5.2.jar;D:\maven3.5\repositor\com\baomidou\mybatis-plus-extension\3.5.2\mybatis-plus-extension-3.5.2.jar;D:\maven3.5\repositor\com\baomidou\mybatis-plus-core\3.5.2\mybatis-plus-core-3.5.2.jar;D:\maven3.5\repositor\com\baomidou\mybatis-plus-annotation\3.5.2\mybatis-plus-annotation-3.5.2.jar;D:\maven3.5\repositor\com\github\jsqlparser\jsqlparser\4.4\jsqlparser-4.4.jar;D:\maven3.5\repositor\org\mybatis\mybatis\3.5.10\mybatis-3.5.10.jar;D:\maven3.5\repositor\org\mybatis\mybatis-spring\2.0.7\mybatis-spring-2.0.7.jar;D:\maven3.5\repositor\org\jetbrains\kotlin\kotlin-stdlib-jdk8\1.3.61\kotlin-stdlib-jdk8-1.3.61.jar;D:\maven3.5\repositor\org\jetbrains\kotlin\kotlin-stdlib\1.3.61\kotlin-stdlib-1.3.61.jar;D:\maven3.5\repositor\org\jetbrains\kotlin\kotlin-stdlib-common\1.3.61\kotlin-stdlib-common-1.3.61.jar;D:\maven3.5\repositor\org\jetbrains\annotations\13.0\annotations-13.0.jar;D:\maven3.5\repositor\org\jetbrains\kotlin\kotlin-stdlib-jdk7\1.3.61\kotlin-stdlib-jdk7-1.3.61.jar;D:\maven3.5\repositor\org\springframework\boot\spring-boot-starter-jdbc\2.2.5.RELEASE\spring-boot-starter-jdbc-2.2.5.RELEASE.jar;D:\maven3.5\repositor\com\zaxxer\HikariCP\3.4.2\HikariCP-3.4.2.jar;D:\maven3.5\repositor\org\springframework\spring-jdbc\5.2.4.RELEASE\spring-jdbc-5.2.4.RELEASE.jar;D:\maven3.5\repositor\com\alibaba\druid-spring-boot-starter\1.1.21\druid-spring-boot-starter-1.1.21.jar;D:\maven3.5\repositor\com\alibaba\druid\1.1.21\druid-1.1.21.jar;D:\maven3.5\repositor\org\slf4j\slf4j-api\1.7.30\slf4j-api-1.7.30.jar;D:\maven3.5\repositor\org\springframework\boot\spring-boot-starter-data-jpa\2.2.5.RELEASE\spring-boot-starter-data-jpa-2.2.5.RELEASE.jar;D:\maven3.5\repositor\jakarta\activation\jakarta.activation-api\1.2.2\jakarta.activation-api-1.2.2.jar;D:\maven3.5\repositor\jakarta\persistence\jakarta.persistence-api\2.2.3\jakarta.persistence-api-2.2.3.jar;D:\maven3.5\repositor\jakarta\transaction\jakarta.transaction-api\1.3.3\jakarta.transaction-api-1.3.3.jar;D:\maven3.5\repositor\org\hibernate\hibernate-core\5.4.12.Final\hibernate-core-5.4.12.Final.jar;D:\maven3.5\repositor\org\jboss\logging\jboss-logging\3.4.1.Final\jboss-logging-3.4.1.Final.jar;D:\maven3.5\repositor\org\javassist\javassist\3.24.0-GA\javassist-3.24.0-GA.jar;D:\maven3.5\repositor\antlr\antlr\2.7.7\antlr-2.7.7.jar;D:\maven3.5\repositor\org\jboss\jandex\2.1.1.Final\jandex-2.1.1.Final.jar;D:\maven3.5\repositor\com\fasterxml\classmate\1.5.1\classmate-1.5.1.jar;D:\maven3.5\repositor\org\dom4j\dom4j\2.1.1\dom4j-2.1.1.jar;D:\maven3.5\repositor\org\hibernate\common\hibernate-commons-annotations\5.1.0.Final\hibernate-commons-annotations-5.1.0.Final.jar;D:\maven3.5\repositor\org\glassfish\jaxb\jaxb-runtime\2.3.2\jaxb-runtime-2.3.2.jar;D:\maven3.5\repositor\org\glassfish\jaxb\txw2\2.3.2\txw2-2.3.2.jar;D:\maven3.5\repositor\com\sun\istack\istack-commons-runtime\3.0.8\istack-commons-runtime-3.0.8.jar;D:\maven3.5\repositor\org\jvnet\staxex\stax-ex\1.8.1\stax-ex-1.8.1.jar;D:\maven3.5\repositor\com\sun\xml\fastinfoset\FastInfoset\1.2.16\FastInfoset-1.2.16.jar;D:\maven3.5\repositor\org\springframework\data\spring-data-jpa\2.2.5.RELEASE\spring-data-jpa-2.2.5.RELEASE.jar;D:\maven3.5\repositor\org\springframework\data\spring-data-commons\2.2.5.RELEASE\spring-data-commons-2.2.5.RELEASE.jar;D:\maven3.5\repositor\org\springframework\spring-orm\5.2.4.RELEASE\spring-orm-5.2.4.RELEASE.jar;D:\maven3.5\repositor\org\springframework\spring-tx\5.2.4.RELEASE\spring-tx-5.2.4.RELEASE.jar;D:\maven3.5\repositor\org\springframework\spring-aspects\5.2.4.RELEASE\spring-aspects-5.2.4.RELEASE.jar;"/>
    <property name="java.vm.vendor" value="Oracle Corporation"/>
    <property name="sun.arch.data.model" value="64"/>
    <property name="user.variant" value=""/>
    <property name="java.vendor.url" value="http://java.oracle.com/"/>
    <property name="user.timezone" value="Asia/Shanghai"/>
    <property name="java.vm.specification.version" value="1.8"/>
    <property name="os.name" value="Windows 10"/>
    <property name="user.country" value="CN"/>
    <property name="sun.java.launcher" value="SUN_STANDARD"/>
    <property name="sun.boot.library.path" value="D:\Java\jre\bin"/>
    <property name="sun.java.command" value="C:\Users\xiang.xi\AppData\Local\Temp\surefire2390764843177468400\surefirebooter3088778451272855605.jar C:\Users\xiang.xi\AppData\Local\Temp\surefire2390764843177468400 2023-11-08T09-06-38_098-jvmRun1 surefire8909561207933256859tmp surefire_03019447132121644139tmp"/>
    <property name="surefire.test.class.path" value="D:\myproject\myProject11_1\target\test-classes;D:\myproject\myProject11_1\target\classes;D:\maven3.5\repositor\org\springframework\boot\spring-boot-starter\2.2.5.RELEASE\spring-boot-starter-2.2.5.RELEASE.jar;D:\maven3.5\repositor\org\springframework\boot\spring-boot\2.2.5.RELEASE\spring-boot-2.2.5.RELEASE.jar;D:\maven3.5\repositor\org\springframework\spring-context\5.2.4.RELEASE\spring-context-5.2.4.RELEASE.jar;D:\maven3.5\repositor\org\springframework\boot\spring-boot-autoconfigure\2.2.5.RELEASE\spring-boot-autoconfigure-2.2.5.RELEASE.jar;D:\maven3.5\repositor\org\springframework\boot\spring-boot-starter-logging\2.2.5.RELEASE\spring-boot-starter-logging-2.2.5.RELEASE.jar;D:\maven3.5\repositor\ch\qos\logback\logback-classic\1.2.3\logback-classic-1.2.3.jar;D:\maven3.5\repositor\ch\qos\logback\logback-core\1.2.3\logback-core-1.2.3.jar;D:\maven3.5\repositor\org\apache\logging\log4j\log4j-to-slf4j\2.12.1\log4j-to-slf4j-2.12.1.jar;D:\maven3.5\repositor\org\apache\logging\log4j\log4j-api\2.12.1\log4j-api-2.12.1.jar;D:\maven3.5\repositor\org\slf4j\jul-to-slf4j\1.7.30\jul-to-slf4j-1.7.30.jar;D:\maven3.5\repositor\jakarta\annotation\jakarta.annotation-api\1.3.5\jakarta.annotation-api-1.3.5.jar;D:\maven3.5\repositor\org\springframework\spring-core\5.2.4.RELEASE\spring-core-5.2.4.RELEASE.jar;D:\maven3.5\repositor\org\springframework\spring-jcl\5.2.4.RELEASE\spring-jcl-5.2.4.RELEASE.jar;D:\maven3.5\repositor\org\yaml\snakeyaml\1.25\snakeyaml-1.25.jar;D:\maven3.5\repositor\org\springframework\boot\spring-boot-starter-web\2.2.5.RELEASE\spring-boot-starter-web-2.2.5.RELEASE.jar;D:\maven3.5\repositor\org\springframework\boot\spring-boot-starter-json\2.2.5.RELEASE\spring-boot-starter-json-2.2.5.RELEASE.jar;D:\maven3.5\repositor\com\fasterxml\jackson\core\jackson-databind\2.10.2\jackson-databind-2.10.2.jar;D:\maven3.5\repositor\com\fasterxml\jackson\core\jackson-annotations\2.10.2\jackson-annotations-2.10.2.jar;D:\maven3.5\repositor\com\fasterxml\jackson\core\jackson-core\2.10.2\jackson-core-2.10.2.jar;D:\maven3.5\repositor\com\fasterxml\jackson\datatype\jackson-datatype-jdk8\2.10.2\jackson-datatype-jdk8-2.10.2.jar;D:\maven3.5\repositor\com\fasterxml\jackson\datatype\jackson-datatype-jsr310\2.10.2\jackson-datatype-jsr310-2.10.2.jar;D:\maven3.5\repositor\com\fasterxml\jackson\module\jackson-module-parameter-names\2.10.2\jackson-module-parameter-names-2.10.2.jar;D:\maven3.5\repositor\org\springframework\boot\spring-boot-starter-tomcat\2.2.5.RELEASE\spring-boot-starter-tomcat-2.2.5.RELEASE.jar;D:\maven3.5\repositor\org\apache\tomcat\embed\tomcat-embed-core\9.0.31\tomcat-embed-core-9.0.31.jar;D:\maven3.5\repositor\org\apache\tomcat\embed\tomcat-embed-el\9.0.31\tomcat-embed-el-9.0.31.jar;D:\maven3.5\repositor\org\apache\tomcat\embed\tomcat-embed-websocket\9.0.31\tomcat-embed-websocket-9.0.31.jar;D:\maven3.5\repositor\org\springframework\boot\spring-boot-starter-validation\2.2.5.RELEASE\spring-boot-starter-validation-2.2.5.RELEASE.jar;D:\maven3.5\repositor\jakarta\validation\jakarta.validation-api\2.0.2\jakarta.validation-api-2.0.2.jar;D:\maven3.5\repositor\org\hibernate\validator\hibernate-validator\6.0.18.Final\hibernate-validator-6.0.18.Final.jar;D:\maven3.5\repositor\org\springframework\spring-web\5.2.4.RELEASE\spring-web-5.2.4.RELEASE.jar;D:\maven3.5\repositor\org\springframework\spring-beans\5.2.4.RELEASE\spring-beans-5.2.4.RELEASE.jar;D:\maven3.5\repositor\org\springframework\spring-webmvc\5.2.4.RELEASE\spring-webmvc-5.2.4.RELEASE.jar;D:\maven3.5\repositor\org\springframework\spring-expression\5.2.4.RELEASE\spring-expression-5.2.4.RELEASE.jar;D:\maven3.5\repositor\org\springframework\boot\spring-boot-starter-test\2.2.5.RELEASE\spring-boot-starter-test-2.2.5.RELEASE.jar;D:\maven3.5\repositor\org\springframework\boot\spring-boot-test\2.2.5.RELEASE\spring-boot-test-2.2.5.RELEASE.jar;D:\maven3.5\repositor\org\springframework\boot\spring-boot-test-autoconfigure\2.2.5.RELEASE\spring-boot-test-autoconfigure-2.2.5.RELEASE.jar;D:\maven3.5\repositor\com\jayway\jsonpath\json-path\2.4.0\json-path-2.4.0.jar;D:\maven3.5\repositor\net\minidev\json-smart\2.3\json-smart-2.3.jar;D:\maven3.5\repositor\net\minidev\accessors-smart\1.2\accessors-smart-1.2.jar;D:\maven3.5\repositor\org\ow2\asm\asm\5.0.4\asm-5.0.4.jar;D:\maven3.5\repositor\jakarta\xml\bind\jakarta.xml.bind-api\2.3.2\jakarta.xml.bind-api-2.3.2.jar;D:\maven3.5\repositor\org\junit\jupiter\junit-jupiter\5.5.2\junit-jupiter-5.5.2.jar;D:\maven3.5\repositor\org\junit\jupiter\junit-jupiter-api\5.5.2\junit-jupiter-api-5.5.2.jar;D:\maven3.5\repositor\org\opentest4j\opentest4j\1.2.0\opentest4j-1.2.0.jar;D:\maven3.5\repositor\org\junit\platform\junit-platform-commons\1.5.2\junit-platform-commons-1.5.2.jar;D:\maven3.5\repositor\org\junit\jupiter\junit-jupiter-params\5.5.2\junit-jupiter-params-5.5.2.jar;D:\maven3.5\repositor\org\junit\jupiter\junit-jupiter-engine\5.5.2\junit-jupiter-engine-5.5.2.jar;D:\maven3.5\repositor\org\junit\vintage\junit-vintage-engine\5.5.2\junit-vintage-engine-5.5.2.jar;D:\maven3.5\repositor\org\apiguardian\apiguardian-api\1.1.0\apiguardian-api-1.1.0.jar;D:\maven3.5\repositor\org\junit\platform\junit-platform-engine\1.5.2\junit-platform-engine-1.5.2.jar;D:\maven3.5\repositor\junit\junit\4.12\junit-4.12.jar;D:\maven3.5\repositor\org\mockito\mockito-junit-jupiter\3.1.0\mockito-junit-jupiter-3.1.0.jar;D:\maven3.5\repositor\org\assertj\assertj-core\3.13.2\assertj-core-3.13.2.jar;D:\maven3.5\repositor\org\hamcrest\hamcrest\2.1\hamcrest-2.1.jar;D:\maven3.5\repositor\org\mockito\mockito-core\3.1.0\mockito-core-3.1.0.jar;D:\maven3.5\repositor\net\bytebuddy\byte-buddy\1.10.8\byte-buddy-1.10.8.jar;D:\maven3.5\repositor\net\bytebuddy\byte-buddy-agent\1.10.8\byte-buddy-agent-1.10.8.jar;D:\maven3.5\repositor\org\objenesis\objenesis\2.6\objenesis-2.6.jar;D:\maven3.5\repositor\org\skyscreamer\jsonassert\1.5.0\jsonassert-1.5.0.jar;D:\maven3.5\repositor\com\vaadin\external\google\android-json\0.0.20131108.vaadin1\android-json-0.0.20131108.vaadin1.jar;D:\maven3.5\repositor\org\springframework\spring-test\5.2.4.RELEASE\spring-test-5.2.4.RELEASE.jar;D:\maven3.5\repositor\org\xmlunit\xmlunit-core\2.6.3\xmlunit-core-2.6.3.jar;D:\maven3.5\repositor\org\springframework\boot\spring-boot-starter-aop\2.2.5.RELEASE\spring-boot-starter-aop-2.2.5.RELEASE.jar;D:\maven3.5\repositor\org\springframework\spring-aop\5.2.4.RELEASE\spring-aop-5.2.4.RELEASE.jar;D:\maven3.5\repositor\org\aspectj\aspectjweaver\1.9.5\aspectjweaver-1.9.5.jar;D:\maven3.5\repositor\org\projectlombok\lombok\1.18.12\lombok-1.18.12.jar;D:\maven3.5\repositor\com\alibaba\fastjson\1.2.46\fastjson-1.2.46.jar;D:\maven3.5\repositor\mysql\mysql-connector-java\8.0.19\mysql-connector-java-8.0.19.jar;D:\maven3.5\repositor\com\baomidou\mybatis-plus-boot-starter\3.5.2\mybatis-plus-boot-starter-3.5.2.jar;D:\maven3.5\repositor\com\baomidou\mybatis-plus\3.5.2\mybatis-plus-3.5.2.jar;D:\maven3.5\repositor\com\baomidou\mybatis-plus-extension\3.5.2\mybatis-plus-extension-3.5.2.jar;D:\maven3.5\repositor\com\baomidou\mybatis-plus-core\3.5.2\mybatis-plus-core-3.5.2.jar;D:\maven3.5\repositor\com\baomidou\mybatis-plus-annotation\3.5.2\mybatis-plus-annotation-3.5.2.jar;D:\maven3.5\repositor\com\github\jsqlparser\jsqlparser\4.4\jsqlparser-4.4.jar;D:\maven3.5\repositor\org\mybatis\mybatis\3.5.10\mybatis-3.5.10.jar;D:\maven3.5\repositor\org\mybatis\mybatis-spring\2.0.7\mybatis-spring-2.0.7.jar;D:\maven3.5\repositor\org\jetbrains\kotlin\kotlin-stdlib-jdk8\1.3.61\kotlin-stdlib-jdk8-1.3.61.jar;D:\maven3.5\repositor\org\jetbrains\kotlin\kotlin-stdlib\1.3.61\kotlin-stdlib-1.3.61.jar;D:\maven3.5\repositor\org\jetbrains\kotlin\kotlin-stdlib-common\1.3.61\kotlin-stdlib-common-1.3.61.jar;D:\maven3.5\repositor\org\jetbrains\annotations\13.0\annotations-13.0.jar;D:\maven3.5\repositor\org\jetbrains\kotlin\kotlin-stdlib-jdk7\1.3.61\kotlin-stdlib-jdk7-1.3.61.jar;D:\maven3.5\repositor\org\springframework\boot\spring-boot-starter-jdbc\2.2.5.RELEASE\spring-boot-starter-jdbc-2.2.5.RELEASE.jar;D:\maven3.5\repositor\com\zaxxer\HikariCP\3.4.2\HikariCP-3.4.2.jar;D:\maven3.5\repositor\org\springframework\spring-jdbc\5.2.4.RELEASE\spring-jdbc-5.2.4.RELEASE.jar;D:\maven3.5\repositor\com\alibaba\druid-spring-boot-starter\1.1.21\druid-spring-boot-starter-1.1.21.jar;D:\maven3.5\repositor\com\alibaba\druid\1.1.21\druid-1.1.21.jar;D:\maven3.5\repositor\org\slf4j\slf4j-api\1.7.30\slf4j-api-1.7.30.jar;D:\maven3.5\repositor\org\springframework\boot\spring-boot-starter-data-jpa\2.2.5.RELEASE\spring-boot-starter-data-jpa-2.2.5.RELEASE.jar;D:\maven3.5\repositor\jakarta\activation\jakarta.activation-api\1.2.2\jakarta.activation-api-1.2.2.jar;D:\maven3.5\repositor\jakarta\persistence\jakarta.persistence-api\2.2.3\jakarta.persistence-api-2.2.3.jar;D:\maven3.5\repositor\jakarta\transaction\jakarta.transaction-api\1.3.3\jakarta.transaction-api-1.3.3.jar;D:\maven3.5\repositor\org\hibernate\hibernate-core\5.4.12.Final\hibernate-core-5.4.12.Final.jar;D:\maven3.5\repositor\org\jboss\logging\jboss-logging\3.4.1.Final\jboss-logging-3.4.1.Final.jar;D:\maven3.5\repositor\org\javassist\javassist\3.24.0-GA\javassist-3.24.0-GA.jar;D:\maven3.5\repositor\antlr\antlr\2.7.7\antlr-2.7.7.jar;D:\maven3.5\repositor\org\jboss\jandex\2.1.1.Final\jandex-2.1.1.Final.jar;D:\maven3.5\repositor\com\fasterxml\classmate\1.5.1\classmate-1.5.1.jar;D:\maven3.5\repositor\org\dom4j\dom4j\2.1.1\dom4j-2.1.1.jar;D:\maven3.5\repositor\org\hibernate\common\hibernate-commons-annotations\5.1.0.Final\hibernate-commons-annotations-5.1.0.Final.jar;D:\maven3.5\repositor\org\glassfish\jaxb\jaxb-runtime\2.3.2\jaxb-runtime-2.3.2.jar;D:\maven3.5\repositor\org\glassfish\jaxb\txw2\2.3.2\txw2-2.3.2.jar;D:\maven3.5\repositor\com\sun\istack\istack-commons-runtime\3.0.8\istack-commons-runtime-3.0.8.jar;D:\maven3.5\repositor\org\jvnet\staxex\stax-ex\1.8.1\stax-ex-1.8.1.jar;D:\maven3.5\repositor\com\sun\xml\fastinfoset\FastInfoset\1.2.16\FastInfoset-1.2.16.jar;D:\maven3.5\repositor\org\springframework\data\spring-data-jpa\2.2.5.RELEASE\spring-data-jpa-2.2.5.RELEASE.jar;D:\maven3.5\repositor\org\springframework\data\spring-data-commons\2.2.5.RELEASE\spring-data-commons-2.2.5.RELEASE.jar;D:\maven3.5\repositor\org\springframework\spring-orm\5.2.4.RELEASE\spring-orm-5.2.4.RELEASE.jar;D:\maven3.5\repositor\org\springframework\spring-tx\5.2.4.RELEASE\spring-tx-5.2.4.RELEASE.jar;D:\maven3.5\repositor\org\springframework\spring-aspects\5.2.4.RELEASE\spring-aspects-5.2.4.RELEASE.jar;"/>
    <property name="sun.cpu.endian" value="little"/>
    <property name="user.home" value="C:\Users\xiang.xi"/>
    <property name="user.language" value="zh"/>
    <property name="java.specification.vendor" value="Oracle Corporation"/>
    <property name="java.home" value="D:\Java\jre"/>
    <property name="basedir" value="D:\myproject\myProject11_1"/>
    <property name="file.separator" value="\"/>
    <property name="line.separator" value="&#10;"/>
    <property name="java.vm.specification.vendor" value="Oracle Corporation"/>
    <property name="java.specification.name" value="Java Platform API Specification"/>
    <property name="java.awt.graphicsenv" value="sun.awt.Win32GraphicsEnvironment"/>
    <property name="surefire.real.class.path" value="C:\Users\xiang.xi\AppData\Local\Temp\surefire2390764843177468400\surefirebooter3088778451272855605.jar"/>
    <property name="sun.boot.class.path" value="D:\Java\jre\lib\resources.jar;D:\Java\jre\lib\rt.jar;D:\Java\jre\lib\sunrsasign.jar;D:\Java\jre\lib\jsse.jar;D:\Java\jre\lib\jce.jar;D:\Java\jre\lib\charsets.jar;D:\Java\jre\lib\jfr.jar;D:\Java\jre\classes"/>
    <property name="user.script" value=""/>
    <property name="sun.management.compiler" value="HotSpot 64-Bit Tiered Compilers"/>
    <property name="java.runtime.version" value="1.8.0_202-b08"/>
    <property name="user.name" value="xiang.xi"/>
    <property name="path.separator" value=";"/>
    <property name="os.version" value="10.0"/>
    <property name="java.endorsed.dirs" value="D:\Java\jre\lib\endorsed"/>
    <property name="java.runtime.name" value="Java(TM) SE Runtime Environment"/>
    <property name="file.encoding" value="GBK"/>
    <property name="java.vm.name" value="Java HotSpot(TM) 64-Bit Server VM"/>
    <property name="localRepository" value="D:\maven3.5\repositor"/>
    <property name="java.vendor.url.bug" value="http://bugreport.sun.com/bugreport/"/>
    <property name="java.io.tmpdir" value="C:\Users\xiang.xi\AppData\Local\Temp\"/>
    <property name="java.version" value="1.8.0_202"/>
    <property name="user.dir" value="D:\myproject\myProject11_1"/>
    <property name="os.arch" value="amd64"/>
    <property name="java.vm.specification.name" value="Java Virtual Machine Specification"/>
    <property name="java.awt.printerjob" value="sun.awt.windows.WPrinterJob"/>
    <property name="sun.os.patch.level" value=""/>
    <property name="idea.version2019.2" value="true"/>
    <property name="java.library.path" value="D:\Java\jre\bin;C:\windows\Sun\Java\bin;C:\windows\system32;C:\windows;D:\IDEA\IntelliJ IDEA Community Edition 2019.2\jbr\\bin;D:\IDEA\IntelliJ IDEA Community Edition 2019.2\jbr\\bin\server;C:\Program Files (x86)\Common Files\Oracle\Java\javapath;C:\windows\system32;C:\windows;C:\windows\System32\Wbem;C:\windows\System32\WindowsPowerShell\v1.0\;C:\windows\System32\OpenSSH\;C:\Program Files\MySQL\MySQL Server 5.7\bin;C:\Users\xiang.xi\AppData\Local\Microsoft\WindowsApps;;."/>
    <property name="java.vm.info" value="mixed mode"/>
    <property name="java.vendor" value="Oracle Corporation"/>
    <property name="java.vm.version" value="25.202-b08"/>
    <property name="java.ext.dirs" value="D:\Java\jre\lib\ext;C:\windows\Sun\Java\lib\ext"/>
    <property name="sun.io.unicode.encoding" value="UnicodeLittle"/>
    <property name="maven.repo.local" value="D:\maven3.5\repositor"/>
    <property name="java.class.version" value="52.0"/>
  </properties>
  <testcase name="queryMyRecordDto" classname="com.myProject11_1.mapper.MyRecordMapperTest" time="0.031"/>
  <testcase name="getTree" classname="com.myProject11_1.mapper.MyRecordMapperTest" time="0.015"/>
  <testcase name="initTree" classname="com.myProject11_1.mapper.MyRecordMapperTest" time="0.047"/>
</testsuite>